<html>
<body>
<pre>
<h1>µVision Build Log</h1>
<h2>Tool Versions:</h2>
IDE-Version: ¦ÌVision V5.18.0.0
Copyright (C) 2016 ARM Ltd and ARM Germany GmbH. All rights reserved.
License Information: l shangyu, HP Inc., LIC=DSNPC-7DZ0F-496G2-9SK3A-GE9B7-2YHRL
 
Tool Versions:
Toolchain:       MDK-ARM Professional  Version: 5.18
Toolchain Path:  D:\program\keil5_mdk\keil5_install\ARM\ARMCC\Bin
C Compiler:      Armcc.exe V5.06 update 1 (build 61)
Assembler:       Armasm.exe V5.06 update 1 (build 61)
Linker/Locator:  ArmLink.exe V5.06 update 1 (build 61)
Library Manager: ArmAr.exe V5.06 update 1 (build 61)
Hex Converter:   FromElf.exe V5.06 update 1 (build 61)
CPU DLL:         SARMCM3.DLL V5.18
Dialog DLL:      DCM.DLL V1.13.6.0
Target DLL:      Segger\JL2CM3.dll V2.99.18.0
Dialog DLL:      TCM.DLL V1.14.8.0
 
<h2>Project:</h2>
E:\project\rm2020\keil\tryOfNewFramwork\MDK-ARM\tryOfNewFramwork.uvprojx
Project File Date:  12/12/2019

<h2>Output:</h2>
*** Using Compiler 'V5.06 update 1 (build 61)', folder: 'D:\program\keil5_mdk\keil5_install\ARM\ARMCC\Bin'
Build target 'tryOfNewFramwork'
assembling startup_stm32f427xx.s...
compiling usart.c...
compiling adc.c...
compiling gpio.c...
compiling dma.c...
compiling stm32f4xx_it.c...
compiling stm32f4xx_hal_msp.c...
compiling can.c...
compiling canTask.c...
compiling tim.c...
compiling system_stm32f4xx.c...
compiling main.c...
../Src/main.c(71): error:  #169: expected a declaration
  }motor_receive;
../Src/main.c(74): error:  #169: expected a declaration
  }motor_transmit;
../Src/main.c(77): error:  #169: expected a declaration
  }judge_receive;
../Src/main.c(80): error:  #169: expected a declaration
  }judge_transmit;
../Src/main.c: 0 warnings, 4 errors
compiling stm32f4xx_hal_flash_ramfunc.c...
compiling stm32f4xx_hal_adc.c...
compiling stm32f4xx_hal_tim.c...
compiling stm32f4xx_hal_uart.c...
compiling stm32f4xx_hal_tim_ex.c...
compiling stm32f4xx_hal_flash.c...
compiling stm32f4xx_hal_adc_ex.c...
compiling stm32f4xx_hal_can.c...
compiling stm32f4xx_hal_rcc_ex.c...
compiling stm32f4xx_hal_rcc.c...
compiling stm32f4xx_hal_flash_ex.c...
compiling stm32f4xx_hal_pwr_ex.c...
compiling stm32f4xx_hal_cortex.c...
compiling stm32f4xx_hal.c...
compiling stm32f4xx_hal_gpio.c...
compiling stm32f4xx_hal_dma.c...
compiling stm32f4xx_hal_exti.c...
compiling stm32f4xx_hal_pwr.c...
compiling stm32f4xx_hal_dma_ex.c...
"tryOfNewFramwork\tryOfNewFramwork.axf" - 4 Error(s), 0 Warning(s).

<h2>Software Packages used:</h2>

Package Vendor: ARM
                http://www.keil.com/pack/ARM.CMSIS.4.5.0.pack
                ARM::CMSIS:CORE:4.3.0
                CMSIS (Cortex Microcontroller Software Interface Standard)
   * Component: CORE Version: 4.3.0

<h2>Collection of Component include folders:</h2>
  E:\project\rm2020\keil\tryOfNewFramwork\MDK-ARM\RTE
  D:\program\keil5_mdk\keil5_install\ARM\PACK\ARM\CMSIS\4.5.0\CMSIS\Include
  D:\program\keil5_mdk\keil5_install\ARM\PACK\Keil\STM32F4xx_DFP\2.9.0\Drivers\CMSIS\Device\ST\STM32F4xx\Include

<h2>Collection of Component Files used:</h2>

   * Component: ARM::CMSIS:CORE:4.3.0
Target not created.
Build Time Elapsed:  00:00:23
</pre>
</body>
</html>
